D:\MY GAME (01.08.2013)\DECAY\SDL_TUT\DEBUG\RAPEDWITHOPENGLDECAYCODE.OBJ
D:\MY GAME (01.08.2013)\DECAY\SDL_TUT\DEBUG\VC110.PDB
D:\MY GAME (01.08.2013)\DECAY\SDL_TUT\DEBUG\SDL_ROTOZOOM.OBJ
D:\MY GAME (01.08.2013)\DECAY\DEBUG\DECAY V 0.014.ILK
D:\MY GAME (01.08.2013)\DECAY\DEBUG\DECAY V 0.014.EXE
D:\MY GAME (01.08.2013)\DECAY\DEBUG\DECAY V 0.014.PDB
D:\My game (01.08.2013)\Decay\SDL_tut\Debug\RapedWithOpenGLDecayCode.obj
D:\My game (01.08.2013)\Decay\SDL_tut\Debug\SDL_rotozoom.obj
D:\My game (01.08.2013)\Decay\SDL_tut\Debug\cl.command.1.tlog
D:\My game (01.08.2013)\Decay\SDL_tut\Debug\CL.read.1.tlog
D:\My game (01.08.2013)\Decay\SDL_tut\Debug\CL.write.1.tlog
D:\My game (01.08.2013)\Decay\SDL_tut\Debug\link-cvtres.read.1.tlog
D:\My game (01.08.2013)\Decay\SDL_tut\Debug\link-cvtres.write.1.tlog
D:\My game (01.08.2013)\Decay\SDL_tut\Debug\link-rc.read.1.tlog
D:\My game (01.08.2013)\Decay\SDL_tut\Debug\link-rc.write.1.tlog
D:\My game (01.08.2013)\Decay\SDL_tut\Debug\link.command.1.tlog
D:\My game (01.08.2013)\Decay\SDL_tut\Debug\link.read.1.tlog
D:\My game (01.08.2013)\Decay\SDL_tut\Debug\link.write.1.tlog
D:\My game (01.08.2013)\Decay\SDL_tut\Debug\vc110.idb
D:\My game (01.08.2013)\Decay\SDL_tut\Debug\vc110.pdb
D:\My game (01.08.2013)\Decay\Debug\Decay v 0.014.pdb
D:\My game (01.08.2013)\Decay\Debug\Decay v 0.014.exe
D:\My game (01.08.2013)\Decay\Debug\Decay v 0.014.ilk
