D:\MY GAME (01.08.2013)\DECAY\SDL_TUT\DEBUG\RAPEDWITHOPENGLDECAYCODE.OBJ
D:\MY GAME (01.08.2013)\DECAY\SDL_TUT\DEBUG\VC110.PDB
D:\MY GAME (01.08.2013)\DECAY\SDL_TUT\DEBUG\SDL_ROTOZOOM.OBJ
D:\MY GAME (01.08.2013)\DECAY\DEBUG\DECAY V 0.030.ILK
D:\MY GAME (01.08.2013)\DECAY\DEBUG\DECAY V 0.030.EXE
D:\MY GAME (01.08.2013)\DECAY\DEBUG\DECAY V 0.030.PDB
D:\My game (01.08.2013)\Decay\SDL_tut\Debug\RapedWithOpenGLDecayCode.obj
D:\My game (01.08.2013)\Decay\SDL_tut\Debug\SDL_rotozoom.obj
D:\My game (01.08.2013)\Decay\SDL_tut\Debug\cl.command.1.tlog
D:\My game (01.08.2013)\Decay\SDL_tut\Debug\CL.read.1.tlog
D:\My game (01.08.2013)\Decay\SDL_tut\Debug\CL.write.1.tlog
D:\My game (01.08.2013)\Decay\SDL_tut\Debug\link-cvtres.read.1.tlog
D:\My game (01.08.2013)\Decay\SDL_tut\Debug\link-cvtres.write.1.tlog
D:\My game (01.08.2013)\Decay\SDL_tut\Debug\link-rc.read.1.tlog
D:\My game (01.08.2013)\Decay\SDL_tut\Debug\link-rc.write.1.tlog
D:\My game (01.08.2013)\Decay\SDL_tut\Debug\link.1264-cvtres.read.1.tlog
D:\My game (01.08.2013)\Decay\SDL_tut\Debug\link.1264-cvtres.write.1.tlog
D:\My game (01.08.2013)\Decay\SDL_tut\Debug\link.1264-rc.read.1.tlog
D:\My game (01.08.2013)\Decay\SDL_tut\Debug\link.1264-rc.write.1.tlog
D:\My game (01.08.2013)\Decay\SDL_tut\Debug\link.1264.read.1.tlog
D:\My game (01.08.2013)\Decay\SDL_tut\Debug\link.1264.write.1.tlog
D:\My game (01.08.2013)\Decay\SDL_tut\Debug\link.1440-cvtres.read.1.tlog
D:\My game (01.08.2013)\Decay\SDL_tut\Debug\link.1440-cvtres.write.1.tlog
D:\My game (01.08.2013)\Decay\SDL_tut\Debug\link.1440-rc.read.1.tlog
D:\My game (01.08.2013)\Decay\SDL_tut\Debug\link.1440-rc.write.1.tlog
D:\My game (01.08.2013)\Decay\SDL_tut\Debug\link.1440.read.1.tlog
D:\My game (01.08.2013)\Decay\SDL_tut\Debug\link.1440.write.1.tlog
D:\My game (01.08.2013)\Decay\SDL_tut\Debug\link.2208-cvtres.read.1.tlog
D:\My game (01.08.2013)\Decay\SDL_tut\Debug\link.2208-cvtres.write.1.tlog
D:\My game (01.08.2013)\Decay\SDL_tut\Debug\link.2208-rc.read.1.tlog
D:\My game (01.08.2013)\Decay\SDL_tut\Debug\link.2208-rc.write.1.tlog
D:\My game (01.08.2013)\Decay\SDL_tut\Debug\link.2208.read.1.tlog
D:\My game (01.08.2013)\Decay\SDL_tut\Debug\link.2208.write.1.tlog
D:\My game (01.08.2013)\Decay\SDL_tut\Debug\link.2544-cvtres.read.1.tlog
D:\My game (01.08.2013)\Decay\SDL_tut\Debug\link.2544-cvtres.write.1.tlog
D:\My game (01.08.2013)\Decay\SDL_tut\Debug\link.2544-rc.read.1.tlog
D:\My game (01.08.2013)\Decay\SDL_tut\Debug\link.2544-rc.write.1.tlog
D:\My game (01.08.2013)\Decay\SDL_tut\Debug\link.2544.read.1.tlog
D:\My game (01.08.2013)\Decay\SDL_tut\Debug\link.2544.write.1.tlog
D:\My game (01.08.2013)\Decay\SDL_tut\Debug\link.2656-cvtres.read.1.tlog
D:\My game (01.08.2013)\Decay\SDL_tut\Debug\link.2656-cvtres.write.1.tlog
D:\My game (01.08.2013)\Decay\SDL_tut\Debug\link.2656-rc.read.1.tlog
D:\My game (01.08.2013)\Decay\SDL_tut\Debug\link.2656-rc.write.1.tlog
D:\My game (01.08.2013)\Decay\SDL_tut\Debug\link.2656.read.1.tlog
D:\My game (01.08.2013)\Decay\SDL_tut\Debug\link.2656.write.1.tlog
D:\My game (01.08.2013)\Decay\SDL_tut\Debug\link.3948-cvtres.read.1.tlog
D:\My game (01.08.2013)\Decay\SDL_tut\Debug\link.3948-cvtres.write.1.tlog
D:\My game (01.08.2013)\Decay\SDL_tut\Debug\link.3948-rc.read.1.tlog
D:\My game (01.08.2013)\Decay\SDL_tut\Debug\link.3948-rc.write.1.tlog
D:\My game (01.08.2013)\Decay\SDL_tut\Debug\link.3948.read.1.tlog
D:\My game (01.08.2013)\Decay\SDL_tut\Debug\link.3948.write.1.tlog
D:\My game (01.08.2013)\Decay\SDL_tut\Debug\link.5052-cvtres.read.1.tlog
D:\My game (01.08.2013)\Decay\SDL_tut\Debug\link.5052-cvtres.write.1.tlog
D:\My game (01.08.2013)\Decay\SDL_tut\Debug\link.5052-rc.read.1.tlog
D:\My game (01.08.2013)\Decay\SDL_tut\Debug\link.5052-rc.write.1.tlog
D:\My game (01.08.2013)\Decay\SDL_tut\Debug\link.5052.read.1.tlog
D:\My game (01.08.2013)\Decay\SDL_tut\Debug\link.5052.write.1.tlog
D:\My game (01.08.2013)\Decay\SDL_tut\Debug\link.5324-cvtres.read.1.tlog
D:\My game (01.08.2013)\Decay\SDL_tut\Debug\link.5324-cvtres.write.1.tlog
D:\My game (01.08.2013)\Decay\SDL_tut\Debug\link.5324-rc.read.1.tlog
D:\My game (01.08.2013)\Decay\SDL_tut\Debug\link.5324-rc.write.1.tlog
D:\My game (01.08.2013)\Decay\SDL_tut\Debug\link.5324.read.1.tlog
D:\My game (01.08.2013)\Decay\SDL_tut\Debug\link.5324.write.1.tlog
D:\My game (01.08.2013)\Decay\SDL_tut\Debug\link.5556-cvtres.read.1.tlog
D:\My game (01.08.2013)\Decay\SDL_tut\Debug\link.5556-cvtres.write.1.tlog
D:\My game (01.08.2013)\Decay\SDL_tut\Debug\link.5556-rc.read.1.tlog
D:\My game (01.08.2013)\Decay\SDL_tut\Debug\link.5556-rc.write.1.tlog
D:\My game (01.08.2013)\Decay\SDL_tut\Debug\link.5556.read.1.tlog
D:\My game (01.08.2013)\Decay\SDL_tut\Debug\link.5556.write.1.tlog
D:\My game (01.08.2013)\Decay\SDL_tut\Debug\link.6092-cvtres.read.1.tlog
D:\My game (01.08.2013)\Decay\SDL_tut\Debug\link.6092-cvtres.write.1.tlog
D:\My game (01.08.2013)\Decay\SDL_tut\Debug\link.6092-rc.read.1.tlog
D:\My game (01.08.2013)\Decay\SDL_tut\Debug\link.6092-rc.write.1.tlog
D:\My game (01.08.2013)\Decay\SDL_tut\Debug\link.6092.read.1.tlog
D:\My game (01.08.2013)\Decay\SDL_tut\Debug\link.6092.write.1.tlog
D:\My game (01.08.2013)\Decay\SDL_tut\Debug\link.6124-cvtres.read.1.tlog
D:\My game (01.08.2013)\Decay\SDL_tut\Debug\link.6124-cvtres.write.1.tlog
D:\My game (01.08.2013)\Decay\SDL_tut\Debug\link.6124-rc.read.1.tlog
D:\My game (01.08.2013)\Decay\SDL_tut\Debug\link.6124-rc.write.1.tlog
D:\My game (01.08.2013)\Decay\SDL_tut\Debug\link.6124.read.1.tlog
D:\My game (01.08.2013)\Decay\SDL_tut\Debug\link.6124.write.1.tlog
D:\My game (01.08.2013)\Decay\SDL_tut\Debug\link.6164-cvtres.read.1.tlog
D:\My game (01.08.2013)\Decay\SDL_tut\Debug\link.6164-cvtres.write.1.tlog
D:\My game (01.08.2013)\Decay\SDL_tut\Debug\link.6164-rc.read.1.tlog
D:\My game (01.08.2013)\Decay\SDL_tut\Debug\link.6164-rc.write.1.tlog
D:\My game (01.08.2013)\Decay\SDL_tut\Debug\link.6164.read.1.tlog
D:\My game (01.08.2013)\Decay\SDL_tut\Debug\link.6164.write.1.tlog
D:\My game (01.08.2013)\Decay\SDL_tut\Debug\link.6268-cvtres.read.1.tlog
D:\My game (01.08.2013)\Decay\SDL_tut\Debug\link.6268-cvtres.write.1.tlog
D:\My game (01.08.2013)\Decay\SDL_tut\Debug\link.6268-rc.read.1.tlog
D:\My game (01.08.2013)\Decay\SDL_tut\Debug\link.6268-rc.write.1.tlog
D:\My game (01.08.2013)\Decay\SDL_tut\Debug\link.6268.read.1.tlog
D:\My game (01.08.2013)\Decay\SDL_tut\Debug\link.6268.write.1.tlog
D:\My game (01.08.2013)\Decay\SDL_tut\Debug\link.6272-cvtres.read.1.tlog
D:\My game (01.08.2013)\Decay\SDL_tut\Debug\link.6272-cvtres.write.1.tlog
D:\My game (01.08.2013)\Decay\SDL_tut\Debug\link.6272-rc.read.1.tlog
D:\My game (01.08.2013)\Decay\SDL_tut\Debug\link.6272-rc.write.1.tlog
D:\My game (01.08.2013)\Decay\SDL_tut\Debug\link.6272.read.1.tlog
D:\My game (01.08.2013)\Decay\SDL_tut\Debug\link.6272.write.1.tlog
D:\My game (01.08.2013)\Decay\SDL_tut\Debug\link.command.1.tlog
D:\My game (01.08.2013)\Decay\SDL_tut\Debug\link.read.1.tlog
D:\My game (01.08.2013)\Decay\SDL_tut\Debug\link.write.1.tlog
D:\My game (01.08.2013)\Decay\SDL_tut\Debug\vc110.idb
D:\My game (01.08.2013)\Decay\SDL_tut\Debug\vc110.pdb
D:\My game (01.08.2013)\Decay\Debug\Decay v 0.030.pdb
D:\My game (01.08.2013)\Decay\Debug\Decay v 0.030.exe
D:\My game (01.08.2013)\Decay\Debug\Decay v 0.030.ilk
